  console.error
    Error saving compliance balance to Postgres: error: there is no unique or exclusion constraint matching the ON CONFLICT specification
        at D:\varuna-marine\FuelEU-Maritime\Backend\node_modules\pg-pool\index.js:45:11
        at processTicksAndRejections (node:internal/process/task_queues:103:5)
        at PgComplianceRepository.saveComplianceBalance (D:\varuna-marine\FuelEU-Maritime\Backend\src\adapters\outbound\postgres\PgComplianceRepository.ts:12:13)
        at BankSurplusUseCase.execute (D:\varuna-marine\FuelEU-Maritime\Backend\src\core\application\BankSurplusUseCase.ts:31:9)
        at NewBankController.bankSurplus (D:\varuna-marine\FuelEU-Maritime\Backend\src\infrastructure\adapters\in\web\NewBankController.ts:14:13) {
      length: 148,
      severity: 'ERROR',
      code: '42P10',
      detail: undefined,
      hint: undefined,
      position: undefined,
      internalPosition: undefined,
      internalQuery: undefined,
      where: undefined,
      schema: undefined,
      table: undefined,
      column: undefined,
      dataType: undefined,
      constraint: undefined,
      file: 'plancat.c',
      line: '955',
      routine: 'infer_arbiter_indexes'
    }

    [0m [90m 12 |[39m             [36mawait[39m dbPool[33m.[39mquery(query[33m,[39m [shipId[33m,[39m year[33m,[39m cb])[33m;[39m
     [90m 13 |[39m         } [36mcatch[39m (error) {
    [31m[1m>[22m[39m[90m 14 |[39m             console[33m.[39merror([32m'Error saving compliance balance to Postgres:'[39m[33m,[39m error)[33m;[39m
     [90m    |[39m                     [31m[1m^[22m[39m
     [90m 15 |[39m             [36mthrow[39m [36mnew[39m [33mError[39m([32m'Failed to save compliance balance'[39m)[33m;[39m
     [90m 16 |[39m         }
     [90m 17 |[39m     }[0m

      at PgComplianceRepository.saveComplianceBalance (src/adapters/outbound/postgres/PgComplianceRepository.ts:14:21)
      at BankSurplusUseCase.execute (src/core/application/BankSurplusUseCase.ts:31:9)
      at NewBankController.bankSurplus (src/infrastructure/adapters/in/web/NewBankController.ts:14:13)

  console.error
    Error saving compliance balance to Postgres: error: there is no unique or exclusion constraint matching the ON CONFLICT specification
        at D:\varuna-marine\FuelEU-Maritime\Backend\node_modules\pg-pool\index.js:45:11
        at processTicksAndRejections (node:internal/process/task_queues:103:5)
        at PgComplianceRepository.saveComplianceBalance (D:\varuna-marine\FuelEU-Maritime\Backend\src\adapters\outbound\postgres\PgComplianceRepository.ts:12:13)
        at ApplyBankedSurplusUseCase.execute (D:\varuna-marine\FuelEU-Maritime\Backend\src\core\application\ApplyBankedSurplusUseCase.ts:26:9)
        at NewBankController.applyBankedSurplus (D:\varuna-marine\FuelEU-Maritime\Backend\src\infrastructure\adapters\in\web\NewBankController.ts:24:13) {
      length: 148,
      severity: 'ERROR',
      code: '42P10',
      detail: undefined,
      hint: undefined,
      position: undefined,
      internalPosition: undefined,
      internalQuery: undefined,
      where: undefined,
      schema: undefined,
      table: undefined,
      column: undefined,
      dataType: undefined,
      constraint: undefined,
      file: 'plancat.c',
      line: '955',
      routine: 'infer_arbiter_indexes'
    }

    [0m [90m 12 |[39m             [36mawait[39m dbPool[33m.[39mquery(query[33m,[39m [shipId[33m,[39m year[33m,[39m cb])[33m;[39m
     [90m 13 |[39m         } [36mcatch[39m (error) {
    [31m[1m>[22m[39m[90m 14 |[39m             console[33m.[39merror([32m'Error saving compliance balance to Postgres:'[39m[33m,[39m error)[33m;[39m
     [90m    |[39m                     [31m[1m^[22m[39m
     [90m 15 |[39m             [36mthrow[39m [36mnew[39m [33mError[39m([32m'Failed to save compliance balance'[39m)[33m;[39m
     [90m 16 |[39m         }
     [90m 17 |[39m     }[0m

      at PgComplianceRepository.saveComplianceBalance (src/adapters/outbound/postgres/PgComplianceRepository.ts:14:21)
      at ApplyBankedSurplusUseCase.execute (src/core/application/ApplyBankedSurplusUseCase.ts:26:9)
      at NewBankController.applyBankedSurplus (src/infrastructure/adapters/in/web/NewBankController.ts:24:13)

(node:35096) Warning: `--localstorage-file` was provided without a valid path
(Use `node --trace-warnings ...` to show where the warning was created)
FAIL tests/adapters/in/express/BankingApi.test.ts
  Banking and Adjusted CB API Integration Tests
    × POST /banking/bank should bank surplus successfully (144 ms)
    × POST /banking/apply should apply banked surplus to improve deficit/balance (128 ms)
    √ POST /banking/apply should fail if insufficient funds are available in the bank (80 ms)

  ● Banking and Adjusted CB API Integration Tests › POST /banking/bank should bank surplus successfully

    expect(received).toBe(expected) // Object.is equality

    Expected: 200
    Received: 400

    [0m [90m 30 |[39m             [33m.[39msend({ ship_id[33m:[39m mockShipId[33m,[39m year[33m,[39m amount[33m:[39m amountToBank })[33m;[39m
     [90m 31 |[39m
    [31m[1m>[22m[39m[90m 32 |[39m         expect(response[33m.[39mstatus)[33m.[39mtoBe([35m200[39m)[33m;[39m
     [90m    |[39m                                 [31m[1m^[22m[39m
     [90m 33 |[39m         expect(response[33m.[39mbody[33m.[39mmessage)[33m.[39mtoMatch([35m/banked successfully/i[39m)[33m;[39m
     [90m 34 |[39m
     [90m 35 |[39m         [90m// Verify that adjusted CB is now 400 (500 - 100)[39m[0m

      at Object.<anonymous> (tests/adapters/in/express/BankingApi.test.ts:32:33)

  ● Banking and Adjusted CB API Integration Tests › POST /banking/apply should apply banked surplus to improve deficit/balance

    expect(received).toBe(expected) // Object.is equality

    Expected: 200
    Received: 400

    [0m [90m 44 |[39m             [33m.[39msend({ ship_id[33m:[39m mockShipId[33m,[39m year[33m,[39m amount[33m:[39m amountToApply })[33m;[39m
     [90m 45 |[39m
    [31m[1m>[22m[39m[90m 46 |[39m         expect(response[33m.[39mstatus)[33m.[39mtoBe([35m200[39m)[33m;[39m
     [90m    |[39m                                 [31m[1m^[22m[39m
     [90m 47 |[39m         expect(response[33m.[39mbody[33m.[39mmessage)[33m.[39mtoMatch([35m/applied successfully/i[39m)[33m;[39m
     [90m 48 |[39m
     [90m 49 |[39m         [90m// Verify that adjusted CB is now 450 (400 + 50)[39m[0m

      at Object.<anonymous> (tests/adapters/in/express/BankingApi.test.ts:46:33)

Test Suites: 1 failed, 1 total
Tests:       2 failed, 1 passed, 3 total
Snapshots:   0 total
Time:        3.169 s, estimated 4 s
Ran all test suites matching tests/adapters/in/express/BankingApi.test.ts.
